make all --print-data-base --no-builtin-variables --no-builtin-rules --question
# GNU Make 3.81
# Copyright (C) 2006  Free Software Foundation, Inc.
# This is free software; see the source for copying conditions.
# There is NO warranty; not even for MERCHANTABILITY or FITNESS FOR A
# PARTICULAR PURPOSE.

# This program built for i386-apple-darwin11.3.0
 
make: *** No rule to make target `all'.  Stop.


# Make data base, printed on Fri Jul  8 22:55:03 2022

# Variables

 
# automatic
<D = $(patsubst %/,%,$(dir $<))
# automatic
?F = $(notdir $?)
# environment
VSCODE_LOG_NATIVE = false
# environment
NVM_INC = /Users/leonardolamoia/.nvm/versions/node/v16.15.0/include/node
# automatic
?D = $(patsubst %/,%,$(dir $?))
# automatic
@D = $(patsubst %/,%,$(dir $@))
# automatic
@F = $(notdir $@)
# makefile
CURDIR := /Users/leonardolamoia/curso-c++/hangman-game
# makefile
SHELL = /bin/sh
# environment
VSCODE_NLS_CONFIG = {"locale":"pt-br","availableLanguages":{"*":"pt-br"},"_languagePackId":"195456cb6bc5e7dd989215cd334fb359.pt-br","_translationsConfigFile":"/Users/leonardolamoia/Library/Application Support/Code/clp/195456cb6bc5e7dd989215cd334fb359.pt-br/tcf.json","_cacheRoot":"/Users/leonardolamoia/Library/Application Support/Code/clp/195456cb6bc5e7dd989215cd334fb359.pt-br","_resolvedLanguagePackCoreLocation":"/Users/leonardolamoia/Library/Application Support/Code/clp/195456cb6bc5e7dd989215cd334fb359.pt-br/30d9c6cd9483b2cc586687151bcbcd635f373630","_corruptedFile":"/Users/leonardolamoia/Library/Application Support/Code/clp/195456cb6bc5e7dd989215cd334fb359.pt-br/corrupted.info","_languagePackSupport":true}
# environment
_ = /usr/bin/make
# makefile (from `Makefile', line 1)
MAKEFILE_LIST :=  Makefile
# makefile (from `Makefile', line 1)
CXXFLAGS = -std=c++11
# environment
VSCODE_VERBOSE_LOGGING = true
# environment
__CFBundleIdentifier = com.microsoft.VSCode
# environment
INFOPATH = /opt/homebrew/share/info:
# environment
VSCODE_IPC_HOOK_EXTHOST = /var/folders/6j/sd550l2x7xj92sgff0l4dr800000gn/T/vscode-ipc-0b6e7871-a400-4295-bf7a-c9a1a6f33118.sock
# environment
VSCODE_CWD = /
# environment
PATH = /Users/leonardolamoia/.nvm/versions/node/v16.15.0/bin:/opt/homebrew/bin:/opt/homebrew/sbin:/usr/local/bin:/usr/bin:/bin:/usr/sbin:/sbin:/Library/Apple/usr/bin:/Users/leonardolamoia/flutter/bin:/Users/leonardolamoia/Android/Sdk/emulator:/Users/leonardolamoia/Android/Sdk/tools:/Users/leonardolamoia/Android/Sdk/tools/bin:/Users/leonardolamoia/Android/Sdk/platform-tools
# environment
LSCOLORS = Gxfxcxdxbxegedabagacad
# environment
SPACESHIP_VERSION = 3.16.4
# environment
NVM_BIN = /Users/leonardolamoia/.nvm/versions/node/v16.15.0/bin
# environment
VSCODE_LOG_STACK = false
# environment
ELECTRON_RUN_AS_NODE = 1
# environment
ANDROID_HOME = /Users/leonardolamoia/Android/Sdk
# default
.FEATURES := target-specific order-only second-expansion else-if archives jobserver check-symlink
# environment
SSH_AUTH_SOCK = /private/tmp/com.apple.launchd.GAoLfgw0t5/Listeners
# automatic
%F = $(notdir $%)
# environment
VSCODE_PIPE_LOGGING = true
# environment
PWD = /Users/leonardolamoia/curso-c++/hangman-game
# environment
HOMEBREW_CELLAR = /opt/homebrew/Cellar
# environment
ORIGINAL_XDG_CURRENT_DESKTOP = undefined
# environment
MANPATH = /Users/leonardolamoia/.nvm/versions/node/v16.15.0/share/man:/opt/homebrew/share/man::
# environment
VSCODE_AMD_ENTRYPOINT = vs/workbench/api/node/extensionHostProcess
# environment
HOME = /Users/leonardolamoia
# default
MAKEFILEPATH := /Applications/Xcode.app/Contents/Developer/Makefiles
# environment
VSCODE_CODE_CACHE_PATH = /Users/leonardolamoia/Library/Application Support/Code/CachedData/30d9c6cd9483b2cc586687151bcbcd635f373630
# environment
LOGNAME = leonardolamoia
# environment
APPLICATION_INSIGHTS_NO_DIAGNOSTIC_CHANNEL = true
# environment
NVM_CD_FLAGS = -q
# environment
ZSH = /Users/leonardolamoia/.oh-my-zsh
# environment
VSCODE_HANDLES_UNCAUGHT_ERRORS = true
# automatic
^D = $(patsubst %/,%,$(dir $^))
# environment
XPC_FLAGS = 0x0
# default
MAKE = $(MAKE_COMMAND)
# default
MAKECMDGOALS := all
# environment
SHLVL = 1
# environment
JAVA_HOME = /Library/Java/JavaVirtualMachines/jdk-11.0.15.jdk/Contents/Home
# default
MAKE_VERSION := 3.81
# environment
USER = leonardolamoia
# makefile
.DEFAULT_GOAL := 
# environment
LESS = -R
# automatic
%D = $(patsubst %/,%,$(dir $%))
# default
MAKE_COMMAND := /Applications/Xcode.app/Contents/Developer/usr/bin/make
# default
.VARIABLES := 
# environment
TMPDIR = /var/folders/6j/sd550l2x7xj92sgff0l4dr800000gn/T/
# automatic
*F = $(notdir $*)
# environment
VSCODE_IPC_HOOK = /Users/leonardolamoia/Library/Application Support/Code/1.68.1-main.sock
# makefile
MAKEFLAGS = Rrqp
# environment
MFLAGS = -Rrqp
# automatic
*D = $(patsubst %/,%,$(dir $*))
# environment
NVM_DIR = /Users/leonardolamoia/.nvm
# environment
XPC_SERVICE_NAME = application.com.microsoft.VSCode.54934919.54934925
# environment
HOMEBREW_PREFIX = /opt/homebrew
# automatic
+D = $(patsubst %/,%,$(dir $+))
# automatic
+F = $(notdir $+)
# environment
HOMEBREW_REPOSITORY = /opt/homebrew
# environment
__CF_USER_TEXT_ENCODING = 0x1F5:0x0:0x47
# environment
COMMAND_MODE = unix2003
# default
MAKEFILES := 
# automatic
<F = $(notdir $<)
# environment
PAGER = less
# environment
LC_ALL = C
# environment
SPACESHIP_ROOT = /Users/leonardolamoia/.oh-my-zsh/custom/themes/spaceship-prompt
# automatic
^F = $(notdir $^)
# default
SUFFIXES := 
# environment
MAKELEVEL := 0
# environment
LANG = C
# environment
VSCODE_PID = 12980
# variable set hash-table stats:
# Load=79/1024=8%, Rehash=0, Collisions=1/101=1%

# Pattern-specific Variable Values

# No pattern-specific variable values.

# Directories

# . (device 16777229, inode 58712810): 8 files, no impossibilities.

# 8 files, no impossibilities in 1 directories.

# Implicit Rules

# No implicit rules.

# Files

# Not a target:
all:
#  Command-line target.
#  Implicit rule search has been done.
#  File does not exist.
#  File has not been updated.
# variable set hash-table stats:
# Load=0/32=0%, Rehash=0, Collisions=0/0=0%

# Not a target:
.SUFFIXES:
#  Implicit rule search has not been done.
#  Modification time never checked.
#  File has not been updated.

# Not a target:
Makefile:
#  Implicit rule search has been done.
#  Last modified 2022-07-08 22:53:51
#  File has been updated.
#  Successfully updated.
# variable set hash-table stats:
# Load=0/32=0%, Rehash=0, Collisions=0/0=0%

# Not a target:
.DEFAULT:
#  Implicit rule search has not been done.
#  Modification time never checked.
#  File has not been updated.

# files hash-table stats:
# Load=4/1024=0%, Rehash=0, Collisions=0/16=0%
# VPATH Search Paths

# No `vpath' search paths.

# No general (`VPATH' variable) search path.

# # of strings in strcache: 1
# # of strcache buffers: 1
# strcache size: total = 4096 / max = 4096 / min = 4096 / avg = 4096
# strcache free: total = 4087 / max = 4087 / min = 4087 / avg = 4087

# Finished Make data base on Fri Jul  8 22:55:03 2022

 
